This file contains any messages produced by compilers while
running configure, to aid debugging if configure makes a mistake.

It was created by HMMER configure 3.1b1, which was
generated by GNU Autoconf 2.63.  Invocation command line was

  $ ./configure 

## --------- ##
## Platform. ##
## --------- ##

hostname = emadi-bbb
uname -m = x86_64
uname -r = 5.8.0-59-generic
uname -s = Linux
uname -v = #66~20.04.1-Ubuntu SMP Thu Jun 17 11:14:10 UTC 2021

/usr/bin/uname -p = x86_64
/bin/uname -X     = unknown

/bin/arch              = x86_64
/usr/bin/arch -k       = unknown
/usr/convex/getsysinfo = unknown
/usr/bin/hostinfo      = unknown
/bin/machine           = unknown
/usr/bin/oslevel       = unknown
/bin/universe          = unknown

PATH: /home/emadi/.local/bin
PATH: /usr/local/sbin
PATH: /usr/local/bin
PATH: /usr/sbin
PATH: /usr/bin
PATH: /sbin
PATH: /bin
PATH: /usr/games
PATH: /usr/local/games
PATH: /snap/bin
PATH: /home/emadi/.local/bin
PATH: /home/emadi/.local/bin
PATH: /home/emadi/.local/bin


## ----------- ##
## Core tests. ##
## ----------- ##

configure:1859: Configuring HMMER for your system.
configure:2008: checking build system type
configure:2026: result: x86_64-unknown-linux-gnu
configure:2048: checking host system type
configure:2063: result: x86_64-unknown-linux-gnu
configure:2096: Full HMMER source distribution - using full configuration
configure:2306: checking for gcc
configure:2322: found /usr/bin/gcc
configure:2333: result: gcc
configure:2565: checking for C compiler version
configure:2573: gcc --version >&5
gcc (Ubuntu 9.3.0-17ubuntu1~20.04) 9.3.0
Copyright (C) 2019 Free Software Foundation, Inc.
This is free software; see the source for copying conditions.  There is NO
warranty; not even for MERCHANTABILITY or FITNESS FOR A PARTICULAR PURPOSE.

configure:2577: $? = 0
configure:2584: gcc -v >&5
Using built-in specs.
COLLECT_GCC=gcc
COLLECT_LTO_WRAPPER=/usr/lib/gcc/x86_64-linux-gnu/9/lto-wrapper
OFFLOAD_TARGET_NAMES=nvptx-none:hsa
OFFLOAD_TARGET_DEFAULT=1
Target: x86_64-linux-gnu
Configured with: ../src/configure -v --with-pkgversion='Ubuntu 9.3.0-17ubuntu1~20.04' --with-bugurl=file:///usr/share/doc/gcc-9/README.Bugs --enable-languages=c,ada,c++,go,brig,d,fortran,objc,obj-c++,gm2 --prefix=/usr --with-gcc-major-version-only --program-suffix=-9 --program-prefix=x86_64-linux-gnu- --enable-shared --enable-linker-build-id --libexecdir=/usr/lib --without-included-gettext --enable-threads=posix --libdir=/usr/lib --enable-nls --enable-clocale=gnu --enable-libstdcxx-debug --enable-libstdcxx-time=yes --with-default-libstdcxx-abi=new --enable-gnu-unique-object --disable-vtable-verify --enable-plugin --enable-default-pie --with-system-zlib --with-target-system-zlib=auto --enable-objc-gc=auto --enable-multiarch --disable-werror --with-arch-32=i686 --with-abi=m64 --with-multilib-list=m32,m64,mx32 --enable-multilib --with-tune=generic --enable-offload-targets=nvptx-none=/build/gcc-9-HskZEa/gcc-9-9.3.0/debian/tmp-nvptx/usr,hsa --without-cuda-driver --enable-checking=release --build=x86_64-linux-gnu --host=x86_64-linux-gnu --target=x86_64-linux-gnu
Thread model: posix
gcc version 9.3.0 (Ubuntu 9.3.0-17ubuntu1~20.04) 
configure:2588: $? = 0
configure:2595: gcc -V >&5
gcc: error: unrecognized command line option '-V'
gcc: fatal error: no input files
compilation terminated.
configure:2599: $? = 1
configure:2622: checking for C compiler default output file name
configure:2644: gcc    conftest.c  >&5
configure:2648: $? = 0
configure:2686: result: a.out
configure:2705: checking whether the C compiler works
configure:2715: ./a.out
configure:2719: $? = 0
configure:2738: result: yes
configure:2745: checking whether we are cross compiling
configure:2747: result: no
configure:2750: checking for suffix of executables
configure:2757: gcc -o conftest    conftest.c  >&5
configure:2761: $? = 0
configure:2787: result: 
configure:2793: checking for suffix of object files
configure:2819: gcc -c   conftest.c >&5
configure:2823: $? = 0
configure:2848: result: o
configure:2852: checking whether we are using the GNU C compiler
configure:2881: gcc -c   conftest.c >&5
configure:2888: $? = 0
configure:2905: result: yes
configure:2914: checking whether gcc accepts -g
configure:2944: gcc -c -g  conftest.c >&5
configure:2951: $? = 0
configure:3052: result: yes
configure:3069: checking for gcc option to accept ISO C89
configure:3143: gcc  -c -g -O2  conftest.c >&5
configure:3150: $? = 0
configure:3173: result: none needed
configure:3193: checking for C compiler vendor
configure:3227: gcc -c -g -O2  conftest.c >&5
conftest.c: In function 'main':
conftest.c:25:7: error: 'thisisanerror' undeclared (first use in this function)
   25 |       thisisanerror;
      |       ^~~~~~~~~~~~~
conftest.c:25:7: note: each undeclared identifier is reported only once for each function it appears in
configure:3234: $? = 1
configure: failed program was:
| /* confdefs.h.  */
| #define PACKAGE_NAME "HMMER"
| #define PACKAGE_TARNAME "hmmer"
| #define PACKAGE_VERSION "3.1b1"
| #define PACKAGE_STRING "HMMER 3.1b1"
| #define PACKAGE_BUGREPORT "eddys@janelia.hhmi.org"
| #define HMMER_DATE "May 2013"
| #define HMMER_COPYRIGHT "Copyright (C) 2013 Howard Hughes Medical Institute."
| #define HMMER_LICENSE "Freely distributed under the GNU General Public License (GPLv3)."
| #define HMMER_VERSION "3.1b1"
| #define HMMER_URL "http://hmmer.org/"
| #define EASEL_DATE "May 2013"
| #define EASEL_COPYRIGHT "Copyright (C) 2013 Howard Hughes Medical Institute."
| #define EASEL_LICENSE "Freely distributed under the Janelia Farm Software License."
| #define EASEL_VERSION "h3.1b1"
| #define eslLIBRARY 1
| #define eslDEBUGLEVEL 0
| /* end confdefs.h.  */
| 
| int
| main ()
| {
| 
| #if !(defined(__ICC) || defined(__ECC) || defined(__INTEL_COMPILER))
|       thisisanerror;
| #endif
| 
|   ;
|   return 0;
| }
configure:3227: gcc -c -g -O2  conftest.c >&5
conftest.c: In function 'main':
conftest.c:25:7: error: 'thisisanerror' undeclared (first use in this function)
   25 |       thisisanerror;
      |       ^~~~~~~~~~~~~
conftest.c:25:7: note: each undeclared identifier is reported only once for each function it appears in
configure:3234: $? = 1
configure: failed program was:
| /* confdefs.h.  */
| #define PACKAGE_NAME "HMMER"
| #define PACKAGE_TARNAME "hmmer"
| #define PACKAGE_VERSION "3.1b1"
| #define PACKAGE_STRING "HMMER 3.1b1"
| #define PACKAGE_BUGREPORT "eddys@janelia.hhmi.org"
| #define HMMER_DATE "May 2013"
| #define HMMER_COPYRIGHT "Copyright (C) 2013 Howard Hughes Medical Institute."
| #define HMMER_LICENSE "Freely distributed under the GNU General Public License (GPLv3)."
| #define HMMER_VERSION "3.1b1"
| #define HMMER_URL "http://hmmer.org/"
| #define EASEL_DATE "May 2013"
| #define EASEL_COPYRIGHT "Copyright (C) 2013 Howard Hughes Medical Institute."
| #define EASEL_LICENSE "Freely distributed under the Janelia Farm Software License."
| #define EASEL_VERSION "h3.1b1"
| #define eslLIBRARY 1
| #define eslDEBUGLEVEL 0
| /* end confdefs.h.  */
| 
| int
| main ()
| {
| 
| #if !(defined(__xlc__) || defined(__xlC__) || defined(__IBMC__) || defined(__IBMCPP__))
|       thisisanerror;
| #endif
| 
|   ;
|   return 0;
| }
configure:3227: gcc -c -g -O2  conftest.c >&5
conftest.c: In function 'main':
conftest.c:25:7: error: 'thisisanerror' undeclared (first use in this function)
   25 |       thisisanerror;
      |       ^~~~~~~~~~~~~
conftest.c:25:7: note: each undeclared identifier is reported only once for each function it appears in
configure:3234: $? = 1
configure: failed program was:
| /* confdefs.h.  */
| #define PACKAGE_NAME "HMMER"
| #define PACKAGE_TARNAME "hmmer"
| #define PACKAGE_VERSION "3.1b1"
| #define PACKAGE_STRING "HMMER 3.1b1"
| #define PACKAGE_BUGREPORT "eddys@janelia.hhmi.org"
| #define HMMER_DATE "May 2013"
| #define HMMER_COPYRIGHT "Copyright (C) 2013 Howard Hughes Medical Institute."
| #define HMMER_LICENSE "Freely distributed under the GNU General Public License (GPLv3)."
| #define HMMER_VERSION "3.1b1"
| #define HMMER_URL "http://hmmer.org/"
| #define EASEL_DATE "May 2013"
| #define EASEL_COPYRIGHT "Copyright (C) 2013 Howard Hughes Medical Institute."
| #define EASEL_LICENSE "Freely distributed under the Janelia Farm Software License."
| #define EASEL_VERSION "h3.1b1"
| #define eslLIBRARY 1
| #define eslDEBUGLEVEL 0
| /* end confdefs.h.  */
| 
| int
| main ()
| {
| 
| #if !(defined(__PATHCC__) || defined(__PATHSCALE__))
|       thisisanerror;
| #endif
| 
|   ;
|   return 0;
| }
configure:3227: gcc -c -g -O2  conftest.c >&5
configure:3234: $? = 0
configure:3251: result: gnu
configure:3491: checking for the pthreads library -lpthreads
configure:3534: gcc -o conftest -g -O2    conftest.c -lpthreads  >&5
conftest.c: In function 'main':
conftest.c:24:22: warning: null argument where non-null required (argument 1) [-Wnonnull]
   24 |                      pthread_attr_init(0); pthread_cleanup_push(0, 0);
      |                      ^~~~~~~~~~~~~~~~~
conftest.c:25:22: warning: null argument where non-null required (argument 1) [-Wnonnull]
   25 |                      pthread_create(0,0,0,0); pthread_cleanup_pop(0);
      |                      ^~~~~~~~~~~~~~
conftest.c:25:22: warning: null argument where non-null required (argument 3) [-Wnonnull]
/usr/bin/ld: cannot find -lpthreads
collect2: error: ld returned 1 exit status
configure:3541: $? = 1
configure: failed program was:
| /* confdefs.h.  */
| #define PACKAGE_NAME "HMMER"
| #define PACKAGE_TARNAME "hmmer"
| #define PACKAGE_VERSION "3.1b1"
| #define PACKAGE_STRING "HMMER 3.1b1"
| #define PACKAGE_BUGREPORT "eddys@janelia.hhmi.org"
| #define HMMER_DATE "May 2013"
| #define HMMER_COPYRIGHT "Copyright (C) 2013 Howard Hughes Medical Institute."
| #define HMMER_LICENSE "Freely distributed under the GNU General Public License (GPLv3)."
| #define HMMER_VERSION "3.1b1"
| #define HMMER_URL "http://hmmer.org/"
| #define EASEL_DATE "May 2013"
| #define EASEL_COPYRIGHT "Copyright (C) 2013 Howard Hughes Medical Institute."
| #define EASEL_LICENSE "Freely distributed under the Janelia Farm Software License."
| #define EASEL_VERSION "h3.1b1"
| #define eslLIBRARY 1
| #define eslDEBUGLEVEL 0
| /* end confdefs.h.  */
| #include <pthread.h>
| int
| main ()
| {
| pthread_t th; pthread_join(th, 0);
|                      pthread_attr_init(0); pthread_cleanup_push(0, 0);
|                      pthread_create(0,0,0,0); pthread_cleanup_pop(0);
|   ;
|   return 0;
| }
configure:3564: result: no
configure:3436: checking whether pthreads work without any flags
configure:3534: gcc -o conftest -g -O2    conftest.c   >&5
conftest.c: In function 'main':
conftest.c:24:22: warning: null argument where non-null required (argument 1) [-Wnonnull]
   24 |                      pthread_attr_init(0); pthread_cleanup_push(0, 0);
      |                      ^~~~~~~~~~~~~~~~~
conftest.c:25:22: warning: null argument where non-null required (argument 1) [-Wnonnull]
   25 |                      pthread_create(0,0,0,0); pthread_cleanup_pop(0);
      |                      ^~~~~~~~~~~~~~
conftest.c:25:22: warning: null argument where non-null required (argument 3) [-Wnonnull]
/usr/bin/ld: /tmp/ccuSKH3m.o: in function `main':
/home/jupyter/Final/maxbin/MaxBin-2.2.7/auxiliary/hmmer-3.1b1/conftest.c:23: undefined reference to `pthread_join'
/usr/bin/ld: /home/jupyter/Final/maxbin/MaxBin-2.2.7/auxiliary/hmmer-3.1b1/conftest.c:24: undefined reference to `__pthread_register_cancel'
/usr/bin/ld: /home/jupyter/Final/maxbin/MaxBin-2.2.7/auxiliary/hmmer-3.1b1/conftest.c:25: undefined reference to `pthread_create'
/usr/bin/ld: /home/jupyter/Final/maxbin/MaxBin-2.2.7/auxiliary/hmmer-3.1b1/conftest.c:25: undefined reference to `__pthread_unregister_cancel'
collect2: error: ld returned 1 exit status
configure:3541: $? = 1
configure: failed program was:
| /* confdefs.h.  */
| #define PACKAGE_NAME "HMMER"
| #define PACKAGE_TARNAME "hmmer"
| #define PACKAGE_VERSION "3.1b1"
| #define PACKAGE_STRING "HMMER 3.1b1"
| #define PACKAGE_BUGREPORT "eddys@janelia.hhmi.org"
| #define HMMER_DATE "May 2013"
| #define HMMER_COPYRIGHT "Copyright (C) 2013 Howard Hughes Medical Institute."
| #define HMMER_LICENSE "Freely distributed under the GNU General Public License (GPLv3)."
| #define HMMER_VERSION "3.1b1"
| #define HMMER_URL "http://hmmer.org/"
| #define EASEL_DATE "May 2013"
| #define EASEL_COPYRIGHT "Copyright (C) 2013 Howard Hughes Medical Institute."
| #define EASEL_LICENSE "Freely distributed under the Janelia Farm Software License."
| #define EASEL_VERSION "h3.1b1"
| #define eslLIBRARY 1
| #define eslDEBUGLEVEL 0
| /* end confdefs.h.  */
| #include <pthread.h>
| int
| main ()
| {
| pthread_t th; pthread_join(th, 0);
|                      pthread_attr_init(0); pthread_cleanup_push(0, 0);
|                      pthread_create(0,0,0,0); pthread_cleanup_pop(0);
|   ;
|   return 0;
| }
configure:3564: result: no
configure:3441: checking whether pthreads work with -Kthread
configure:3534: gcc -o conftest -g -O2 -Kthread   conftest.c   >&5
gcc: error: unrecognized command line option '-Kthread'; did you mean '-pthread'?
configure:3541: $? = 1
configure: failed program was:
| /* confdefs.h.  */
| #define PACKAGE_NAME "HMMER"
| #define PACKAGE_TARNAME "hmmer"
| #define PACKAGE_VERSION "3.1b1"
| #define PACKAGE_STRING "HMMER 3.1b1"
| #define PACKAGE_BUGREPORT "eddys@janelia.hhmi.org"
| #define HMMER_DATE "May 2013"
| #define HMMER_COPYRIGHT "Copyright (C) 2013 Howard Hughes Medical Institute."
| #define HMMER_LICENSE "Freely distributed under the GNU General Public License (GPLv3)."
| #define HMMER_VERSION "3.1b1"
| #define HMMER_URL "http://hmmer.org/"
| #define EASEL_DATE "May 2013"
| #define EASEL_COPYRIGHT "Copyright (C) 2013 Howard Hughes Medical Institute."
| #define EASEL_LICENSE "Freely distributed under the Janelia Farm Software License."
| #define EASEL_VERSION "h3.1b1"
| #define eslLIBRARY 1
| #define eslDEBUGLEVEL 0
| /* end confdefs.h.  */
| #include <pthread.h>
| int
| main ()
| {
| pthread_t th; pthread_join(th, 0);
|                      pthread_attr_init(0); pthread_cleanup_push(0, 0);
|                      pthread_create(0,0,0,0); pthread_cleanup_pop(0);
|   ;
|   return 0;
| }
configure:3564: result: no
configure:3441: checking whether pthreads work with -kthread
configure:3534: gcc -o conftest -g -O2 -kthread   conftest.c   >&5
gcc: error: unrecognized command line option '-kthread'; did you mean '-pthread'?
configure:3541: $? = 1
configure: failed program was:
| /* confdefs.h.  */
| #define PACKAGE_NAME "HMMER"
| #define PACKAGE_TARNAME "hmmer"
| #define PACKAGE_VERSION "3.1b1"
| #define PACKAGE_STRING "HMMER 3.1b1"
| #define PACKAGE_BUGREPORT "eddys@janelia.hhmi.org"
| #define HMMER_DATE "May 2013"
| #define HMMER_COPYRIGHT "Copyright (C) 2013 Howard Hughes Medical Institute."
| #define HMMER_LICENSE "Freely distributed under the GNU General Public License (GPLv3)."
| #define HMMER_VERSION "3.1b1"
| #define HMMER_URL "http://hmmer.org/"
| #define EASEL_DATE "May 2013"
| #define EASEL_COPYRIGHT "Copyright (C) 2013 Howard Hughes Medical Institute."
| #define EASEL_LICENSE "Freely distributed under the Janelia Farm Software License."
| #define EASEL_VERSION "h3.1b1"
| #define eslLIBRARY 1
| #define eslDEBUGLEVEL 0
| /* end confdefs.h.  */
| #include <pthread.h>
| int
| main ()
| {
| pthread_t th; pthread_join(th, 0);
|                      pthread_attr_init(0); pthread_cleanup_push(0, 0);
|                      pthread_create(0,0,0,0); pthread_cleanup_pop(0);
|   ;
|   return 0;
| }
configure:3564: result: no
configure:3491: checking for the pthreads library -llthread
configure:3534: gcc -o conftest -g -O2    conftest.c -llthread  >&5
conftest.c: In function 'main':
conftest.c:24:22: warning: null argument where non-null required (argument 1) [-Wnonnull]
   24 |                      pthread_attr_init(0); pthread_cleanup_push(0, 0);
      |                      ^~~~~~~~~~~~~~~~~
conftest.c:25:22: warning: null argument where non-null required (argument 1) [-Wnonnull]
   25 |                      pthread_create(0,0,0,0); pthread_cleanup_pop(0);
      |                      ^~~~~~~~~~~~~~
conftest.c:25:22: warning: null argument where non-null required (argument 3) [-Wnonnull]
/usr/bin/ld: cannot find -llthread
collect2: error: ld returned 1 exit status
configure:3541: $? = 1
configure: failed program was:
| /* confdefs.h.  */
| #define PACKAGE_NAME "HMMER"
| #define PACKAGE_TARNAME "hmmer"
| #define PACKAGE_VERSION "3.1b1"
| #define PACKAGE_STRING "HMMER 3.1b1"
| #define PACKAGE_BUGREPORT "eddys@janelia.hhmi.org"
| #define HMMER_DATE "May 2013"
| #define HMMER_COPYRIGHT "Copyright (C) 2013 Howard Hughes Medical Institute."
| #define HMMER_LICENSE "Freely distributed under the GNU General Public License (GPLv3)."
| #define HMMER_VERSION "3.1b1"
| #define HMMER_URL "http://hmmer.org/"
| #define EASEL_DATE "May 2013"
| #define EASEL_COPYRIGHT "Copyright (C) 2013 Howard Hughes Medical Institute."
| #define EASEL_LICENSE "Freely distributed under the Janelia Farm Software License."
| #define EASEL_VERSION "h3.1b1"
| #define eslLIBRARY 1
| #define eslDEBUGLEVEL 0
| /* end confdefs.h.  */
| #include <pthread.h>
| int
| main ()
| {
| pthread_t th; pthread_join(th, 0);
|                      pthread_attr_init(0); pthread_cleanup_push(0, 0);
|                      pthread_create(0,0,0,0); pthread_cleanup_pop(0);
|   ;
|   return 0;
| }
configure:3564: result: no
configure:3441: checking whether pthreads work with -pthread
configure:3534: gcc -o conftest -g -O2 -pthread   conftest.c   >&5
conftest.c: In function 'main':
conftest.c:24:22: warning: null argument where non-null required (argument 1) [-Wnonnull]
   24 |                      pthread_attr_init(0); pthread_cleanup_push(0, 0);
      |                      ^~~~~~~~~~~~~~~~~
conftest.c:25:22: warning: null argument where non-null required (argument 1) [-Wnonnull]
   25 |                      pthread_create(0,0,0,0); pthread_cleanup_pop(0);
      |                      ^~~~~~~~~~~~~~
conftest.c:25:22: warning: null argument where non-null required (argument 3) [-Wnonnull]
configure:3541: $? = 0
configure:3564: result: yes
configure:3584: checking for joinable pthread attribute
configure:3607: gcc -o conftest -g -O2 -pthread   conftest.c   >&5
configure:3614: $? = 0
configure:3689: result: PTHREAD_CREATE_JOINABLE
configure:3696: checking if more special flags are required for pthreads
configure:3706: result: no
configure:3718: checking for cc_r
configure:3746: result: gcc
configure:3922: checking for gcc
configure:3949: result: gcc
configure:4181: checking for C compiler version
configure:4189: gcc --version >&5
gcc (Ubuntu 9.3.0-17ubuntu1~20.04) 9.3.0
Copyright (C) 2019 Free Software Foundation, Inc.
This is free software; see the source for copying conditions.  There is NO
warranty; not even for MERCHANTABILITY or FITNESS FOR A PARTICULAR PURPOSE.

configure:4193: $? = 0
configure:4200: gcc -v >&5
Using built-in specs.
COLLECT_GCC=gcc
COLLECT_LTO_WRAPPER=/usr/lib/gcc/x86_64-linux-gnu/9/lto-wrapper
OFFLOAD_TARGET_NAMES=nvptx-none:hsa
OFFLOAD_TARGET_DEFAULT=1
Target: x86_64-linux-gnu
Configured with: ../src/configure -v --with-pkgversion='Ubuntu 9.3.0-17ubuntu1~20.04' --with-bugurl=file:///usr/share/doc/gcc-9/README.Bugs --enable-languages=c,ada,c++,go,brig,d,fortran,objc,obj-c++,gm2 --prefix=/usr --with-gcc-major-version-only --program-suffix=-9 --program-prefix=x86_64-linux-gnu- --enable-shared --enable-linker-build-id --libexecdir=/usr/lib --without-included-gettext --enable-threads=posix --libdir=/usr/lib --enable-nls --enable-clocale=gnu --enable-libstdcxx-debug --enable-libstdcxx-time=yes --with-default-libstdcxx-abi=new --enable-gnu-unique-object --disable-vtable-verify --enable-plugin --enable-default-pie --with-system-zlib --with-target-system-zlib=auto --enable-objc-gc=auto --enable-multiarch --disable-werror --with-arch-32=i686 --with-abi=m64 --with-multilib-list=m32,m64,mx32 --enable-multilib --with-tune=generic --enable-offload-targets=nvptx-none=/build/gcc-9-HskZEa/gcc-9-9.3.0/debian/tmp-nvptx/usr,hsa --without-cuda-driver --enable-checking=release --build=x86_64-linux-gnu --host=x86_64-linux-gnu --target=x86_64-linux-gnu
Thread model: posix
gcc version 9.3.0 (Ubuntu 9.3.0-17ubuntu1~20.04) 
configure:4204: $? = 0
configure:4211: gcc -V >&5
gcc: error: unrecognized command line option '-V'
gcc: fatal error: no input files
compilation terminated.
configure:4215: $? = 1
configure:4218: checking whether we are using the GNU C compiler
configure:4271: result: yes
configure:4280: checking whether gcc accepts -g
configure:4418: result: yes
configure:4435: checking for gcc option to accept ISO C89
configure:4539: result: none needed
configure:4571: checking for a BSD-compatible install
configure:4639: result: /usr/bin/install -c
configure:5019: checking how to run the C preprocessor
configure:5059: gcc -E  conftest.c
configure:5066: $? = 0
configure:5097: gcc -E  conftest.c
conftest.c:21:10: fatal error: ac_nonexistent.h: No such file or directory
   21 | #include <ac_nonexistent.h>
      |          ^~~~~~~~~~~~~~~~~~
compilation terminated.
configure:5104: $? = 1
configure: failed program was:
| /* confdefs.h.  */
| #define PACKAGE_NAME "HMMER"
| #define PACKAGE_TARNAME "hmmer"
| #define PACKAGE_VERSION "3.1b1"
| #define PACKAGE_STRING "HMMER 3.1b1"
| #define PACKAGE_BUGREPORT "eddys@janelia.hhmi.org"
| #define HMMER_DATE "May 2013"
| #define HMMER_COPYRIGHT "Copyright (C) 2013 Howard Hughes Medical Institute."
| #define HMMER_LICENSE "Freely distributed under the GNU General Public License (GPLv3)."
| #define HMMER_VERSION "3.1b1"
| #define HMMER_URL "http://hmmer.org/"
| #define EASEL_DATE "May 2013"
| #define EASEL_COPYRIGHT "Copyright (C) 2013 Howard Hughes Medical Institute."
| #define EASEL_LICENSE "Freely distributed under the Janelia Farm Software License."
| #define EASEL_VERSION "h3.1b1"
| #define eslLIBRARY 1
| #define eslDEBUGLEVEL 0
| #define HMMER_THREADS 1
| #define HAVE_PTHREAD 1
| /* end confdefs.h.  */
| #include <ac_nonexistent.h>
configure:5137: result: gcc -E
configure:5166: gcc -E  conftest.c
configure:5173: $? = 0
configure:5204: gcc -E  conftest.c
conftest.c:21:10: fatal error: ac_nonexistent.h: No such file or directory
   21 | #include <ac_nonexistent.h>
      |          ^~~~~~~~~~~~~~~~~~
compilation terminated.
configure:5211: $? = 1
configure: failed program was:
| /* confdefs.h.  */
| #define PACKAGE_NAME "HMMER"
| #define PACKAGE_TARNAME "hmmer"
| #define PACKAGE_VERSION "3.1b1"
| #define PACKAGE_STRING "HMMER 3.1b1"
| #define PACKAGE_BUGREPORT "eddys@janelia.hhmi.org"
| #define HMMER_DATE "May 2013"
| #define HMMER_COPYRIGHT "Copyright (C) 2013 Howard Hughes Medical Institute."
| #define HMMER_LICENSE "Freely distributed under the GNU General Public License (GPLv3)."
| #define HMMER_VERSION "3.1b1"
| #define HMMER_URL "http://hmmer.org/"
| #define EASEL_DATE "May 2013"
| #define EASEL_COPYRIGHT "Copyright (C) 2013 Howard Hughes Medical Institute."
| #define EASEL_LICENSE "Freely distributed under the Janelia Farm Software License."
| #define EASEL_VERSION "h3.1b1"
| #define eslLIBRARY 1
| #define eslDEBUGLEVEL 0
| #define HMMER_THREADS 1
| #define HAVE_PTHREAD 1
| /* end confdefs.h.  */
| #include <ac_nonexistent.h>
configure:5251: checking for C compiler vendor
configure:5309: result: gnu
configure:5316: checking for gcc option to accept ISO C99
configure:5475: gcc  -c -g -O2  conftest.c >&5
configure:5482: $? = 0
configure:5505: result: none needed
configure:5643: checking for gcc option to accept ISO Standard C
configure:5652: result: none needed
configure:5703: checking for ranlib
configure:5719: found /usr/bin/ranlib
configure:5730: result: ranlib
configure:5754: checking for ar
configure:5773: found /usr/bin/ar
configure:5786: result: /usr/bin/ar
configure:5795: checking whether you have a GNU make
configure:5806: result: yes, you do; and we assume you will use it!
configure:6205: checking whether C compiler accepts -fstrict-aliasing
configure:6234: gcc -c -fstrict-aliasing  conftest.c >&5
configure:6241: $? = 0
configure:6259: result: yes
configure:6284: checking for gcc architecture flag
configure:6286: result: 
configure:6308: checking for x86 cpuid 0 output
configure:6347: gcc -o conftest -O3 -fomit-frame-pointer -fstrict-aliasing   conftest.c  >&5
configure:6351: $? = 0
configure:6357: ./conftest
configure:6361: $? = 0
configure:6378: result: d:756e6547:6c65746e:49656e69
configure:6394: checking for x86 cpuid 1 output
configure:6433: gcc -o conftest -O3 -fomit-frame-pointer -fstrict-aliasing   conftest.c  >&5
configure:6437: $? = 0
configure:6443: ./conftest
configure:6447: $? = 0
configure:6464: result: 206d7:2100800:9fba2223:1fabfbff
configure:6709: checking whether C compiler accepts -march=pentium-m
configure:6734: gcc -c -march=pentium-m  conftest.c >&5
cc1: error: CPU you selected does not support x86-64 instruction set
cc1: error: '-fcf-protection=full' is not supported for this target
configure:6741: $? = 1
configure: failed program was:
| /* confdefs.h.  */
| #define PACKAGE_NAME "HMMER"
| #define PACKAGE_TARNAME "hmmer"
| #define PACKAGE_VERSION "3.1b1"
| #define PACKAGE_STRING "HMMER 3.1b1"
| #define PACKAGE_BUGREPORT "eddys@janelia.hhmi.org"
| #define HMMER_DATE "May 2013"
| #define HMMER_COPYRIGHT "Copyright (C) 2013 Howard Hughes Medical Institute."
| #define HMMER_LICENSE "Freely distributed under the GNU General Public License (GPLv3)."
| #define HMMER_VERSION "3.1b1"
| #define HMMER_URL "http://hmmer.org/"
| #define EASEL_DATE "May 2013"
| #define EASEL_COPYRIGHT "Copyright (C) 2013 Howard Hughes Medical Institute."
| #define EASEL_LICENSE "Freely distributed under the Janelia Farm Software License."
| #define EASEL_VERSION "h3.1b1"
| #define eslLIBRARY 1
| #define eslDEBUGLEVEL 0
| #define HMMER_THREADS 1
| #define HAVE_PTHREAD 1
| /* end confdefs.h.  */
| 
| int
| main ()
| {
| 
|   ;
|   return 0;
| }
configure:6757: result: no
configure:6709: checking whether C compiler accepts -mcpu=pentium-m
configure:6734: gcc -c -mcpu=pentium-m  conftest.c >&5
gcc: warning: '-mcpu=' is deprecated; use '-mtune=' or '-march=' instead
cc1: error: CPU you selected does not support x86-64 instruction set
configure:6741: $? = 1
configure: failed program was:
| /* confdefs.h.  */
| #define PACKAGE_NAME "HMMER"
| #define PACKAGE_TARNAME "hmmer"
| #define PACKAGE_VERSION "3.1b1"
| #define PACKAGE_STRING "HMMER 3.1b1"
| #define PACKAGE_BUGREPORT "eddys@janelia.hhmi.org"
| #define HMMER_DATE "May 2013"
| #define HMMER_COPYRIGHT "Copyright (C) 2013 Howard Hughes Medical Institute."
| #define HMMER_LICENSE "Freely distributed under the GNU General Public License (GPLv3)."
| #define HMMER_VERSION "3.1b1"
| #define HMMER_URL "http://hmmer.org/"
| #define EASEL_DATE "May 2013"
| #define EASEL_COPYRIGHT "Copyright (C) 2013 Howard Hughes Medical Institute."
| #define EASEL_LICENSE "Freely distributed under the Janelia Farm Software License."
| #define EASEL_VERSION "h3.1b1"
| #define eslLIBRARY 1
| #define eslDEBUGLEVEL 0
| #define HMMER_THREADS 1
| #define HAVE_PTHREAD 1
| /* end confdefs.h.  */
| 
| int
| main ()
| {
| 
|   ;
|   return 0;
| }
configure:6757: result: no
configure:6709: checking whether C compiler accepts -mpentium-m
configure:6734: gcc -c -mpentium-m  conftest.c >&5
gcc: error: unrecognized command line option '-mpentium-m'; did you mean '-march=pentium-m'?
configure:6741: $? = 1
configure: failed program was:
| /* confdefs.h.  */
| #define PACKAGE_NAME "HMMER"
| #define PACKAGE_TARNAME "hmmer"
| #define PACKAGE_VERSION "3.1b1"
| #define PACKAGE_STRING "HMMER 3.1b1"
| #define PACKAGE_BUGREPORT "eddys@janelia.hhmi.org"
| #define HMMER_DATE "May 2013"
| #define HMMER_COPYRIGHT "Copyright (C) 2013 Howard Hughes Medical Institute."
| #define HMMER_LICENSE "Freely distributed under the GNU General Public License (GPLv3)."
| #define HMMER_VERSION "3.1b1"
| #define HMMER_URL "http://hmmer.org/"
| #define EASEL_DATE "May 2013"
| #define EASEL_COPYRIGHT "Copyright (C) 2013 Howard Hughes Medical Institute."
| #define EASEL_LICENSE "Freely distributed under the Janelia Farm Software License."
| #define EASEL_VERSION "h3.1b1"
| #define eslLIBRARY 1
| #define eslDEBUGLEVEL 0
| #define HMMER_THREADS 1
| #define HAVE_PTHREAD 1
| /* end confdefs.h.  */
| 
| int
| main ()
| {
| 
|   ;
|   return 0;
| }
configure:6757: result: no
configure:6709: checking whether C compiler accepts -march=pentium3
configure:6734: gcc -c -march=pentium3  conftest.c >&5
cc1: error: CPU you selected does not support x86-64 instruction set
cc1: error: '-fcf-protection=full' is not supported for this target
configure:6741: $? = 1
configure: failed program was:
| /* confdefs.h.  */
| #define PACKAGE_NAME "HMMER"
| #define PACKAGE_TARNAME "hmmer"
| #define PACKAGE_VERSION "3.1b1"
| #define PACKAGE_STRING "HMMER 3.1b1"
| #define PACKAGE_BUGREPORT "eddys@janelia.hhmi.org"
| #define HMMER_DATE "May 2013"
| #define HMMER_COPYRIGHT "Copyright (C) 2013 Howard Hughes Medical Institute."
| #define HMMER_LICENSE "Freely distributed under the GNU General Public License (GPLv3)."
| #define HMMER_VERSION "3.1b1"
| #define HMMER_URL "http://hmmer.org/"
| #define EASEL_DATE "May 2013"
| #define EASEL_COPYRIGHT "Copyright (C) 2013 Howard Hughes Medical Institute."
| #define EASEL_LICENSE "Freely distributed under the Janelia Farm Software License."
| #define EASEL_VERSION "h3.1b1"
| #define eslLIBRARY 1
| #define eslDEBUGLEVEL 0
| #define HMMER_THREADS 1
| #define HAVE_PTHREAD 1
| /* end confdefs.h.  */
| 
| int
| main ()
| {
| 
|   ;
|   return 0;
| }
configure:6757: result: no
configure:6709: checking whether C compiler accepts -mcpu=pentium3
configure:6734: gcc -c -mcpu=pentium3  conftest.c >&5
gcc: warning: '-mcpu=' is deprecated; use '-mtune=' or '-march=' instead
cc1: error: CPU you selected does not support x86-64 instruction set
configure:6741: $? = 1
configure: failed program was:
| /* confdefs.h.  */
| #define PACKAGE_NAME "HMMER"
| #define PACKAGE_TARNAME "hmmer"
| #define PACKAGE_VERSION "3.1b1"
| #define PACKAGE_STRING "HMMER 3.1b1"
| #define PACKAGE_BUGREPORT "eddys@janelia.hhmi.org"
| #define HMMER_DATE "May 2013"
| #define HMMER_COPYRIGHT "Copyright (C) 2013 Howard Hughes Medical Institute."
| #define HMMER_LICENSE "Freely distributed under the GNU General Public License (GPLv3)."
| #define HMMER_VERSION "3.1b1"
| #define HMMER_URL "http://hmmer.org/"
| #define EASEL_DATE "May 2013"
| #define EASEL_COPYRIGHT "Copyright (C) 2013 Howard Hughes Medical Institute."
| #define EASEL_LICENSE "Freely distributed under the Janelia Farm Software License."
| #define EASEL_VERSION "h3.1b1"
| #define eslLIBRARY 1
| #define eslDEBUGLEVEL 0
| #define HMMER_THREADS 1
| #define HAVE_PTHREAD 1
| /* end confdefs.h.  */
| 
| int
| main ()
| {
| 
|   ;
|   return 0;
| }
configure:6757: result: no
configure:6709: checking whether C compiler accepts -mpentium3
configure:6734: gcc -c -mpentium3  conftest.c >&5
gcc: error: unrecognized command line option '-mpentium3'; did you mean '-march=pentium3'?
configure:6741: $? = 1
configure: failed program was:
| /* confdefs.h.  */
| #define PACKAGE_NAME "HMMER"
| #define PACKAGE_TARNAME "hmmer"
| #define PACKAGE_VERSION "3.1b1"
| #define PACKAGE_STRING "HMMER 3.1b1"
| #define PACKAGE_BUGREPORT "eddys@janelia.hhmi.org"
| #define HMMER_DATE "May 2013"
| #define HMMER_COPYRIGHT "Copyright (C) 2013 Howard Hughes Medical Institute."
| #define HMMER_LICENSE "Freely distributed under the GNU General Public License (GPLv3)."
| #define HMMER_VERSION "3.1b1"
| #define HMMER_URL "http://hmmer.org/"
| #define EASEL_DATE "May 2013"
| #define EASEL_COPYRIGHT "Copyright (C) 2013 Howard Hughes Medical Institute."
| #define EASEL_LICENSE "Freely distributed under the Janelia Farm Software License."
| #define EASEL_VERSION "h3.1b1"
| #define eslLIBRARY 1
| #define eslDEBUGLEVEL 0
| #define HMMER_THREADS 1
| #define HAVE_PTHREAD 1
| /* end confdefs.h.  */
| 
| int
| main ()
| {
| 
|   ;
|   return 0;
| }
configure:6757: result: no
configure:6709: checking whether C compiler accepts -march=pentiumpro
configure:6734: gcc -c -march=pentiumpro  conftest.c >&5
cc1: error: CPU you selected does not support x86-64 instruction set
cc1: error: '-fcf-protection=full' is not supported for this target
configure:6741: $? = 1
configure: failed program was:
| /* confdefs.h.  */
| #define PACKAGE_NAME "HMMER"
| #define PACKAGE_TARNAME "hmmer"
| #define PACKAGE_VERSION "3.1b1"
| #define PACKAGE_STRING "HMMER 3.1b1"
| #define PACKAGE_BUGREPORT "eddys@janelia.hhmi.org"
| #define HMMER_DATE "May 2013"
| #define HMMER_COPYRIGHT "Copyright (C) 2013 Howard Hughes Medical Institute."
| #define HMMER_LICENSE "Freely distributed under the GNU General Public License (GPLv3)."
| #define HMMER_VERSION "3.1b1"
| #define HMMER_URL "http://hmmer.org/"
| #define EASEL_DATE "May 2013"
| #define EASEL_COPYRIGHT "Copyright (C) 2013 Howard Hughes Medical Institute."
| #define EASEL_LICENSE "Freely distributed under the Janelia Farm Software License."
| #define EASEL_VERSION "h3.1b1"
| #define eslLIBRARY 1
| #define eslDEBUGLEVEL 0
| #define HMMER_THREADS 1
| #define HAVE_PTHREAD 1
| /* end confdefs.h.  */
| 
| int
| main ()
| {
| 
|   ;
|   return 0;
| }
configure:6757: result: no
configure:6709: checking whether C compiler accepts -mcpu=pentiumpro
configure:6734: gcc -c -mcpu=pentiumpro  conftest.c >&5
gcc: warning: '-mcpu=' is deprecated; use '-mtune=' or '-march=' instead
cc1: error: CPU you selected does not support x86-64 instruction set
configure:6741: $? = 1
configure: failed program was:
| /* confdefs.h.  */
| #define PACKAGE_NAME "HMMER"
| #define PACKAGE_TARNAME "hmmer"
| #define PACKAGE_VERSION "3.1b1"
| #define PACKAGE_STRING "HMMER 3.1b1"
| #define PACKAGE_BUGREPORT "eddys@janelia.hhmi.org"
| #define HMMER_DATE "May 2013"
| #define HMMER_COPYRIGHT "Copyright (C) 2013 Howard Hughes Medical Institute."
| #define HMMER_LICENSE "Freely distributed under the GNU General Public License (GPLv3)."
| #define HMMER_VERSION "3.1b1"
| #define HMMER_URL "http://hmmer.org/"
| #define EASEL_DATE "May 2013"
| #define EASEL_COPYRIGHT "Copyright (C) 2013 Howard Hughes Medical Institute."
| #define EASEL_LICENSE "Freely distributed under the Janelia Farm Software License."
| #define EASEL_VERSION "h3.1b1"
| #define eslLIBRARY 1
| #define eslDEBUGLEVEL 0
| #define HMMER_THREADS 1
| #define HAVE_PTHREAD 1
| /* end confdefs.h.  */
| 
| int
| main ()
| {
| 
|   ;
|   return 0;
| }
configure:6757: result: no
configure:6709: checking whether C compiler accepts -mpentiumpro
configure:6734: gcc -c -mpentiumpro  conftest.c >&5
gcc: error: unrecognized command line option '-mpentiumpro'; did you mean '-march=pentiumpro'?
configure:6741: $? = 1
configure: failed program was:
| /* confdefs.h.  */
| #define PACKAGE_NAME "HMMER"
| #define PACKAGE_TARNAME "hmmer"
| #define PACKAGE_VERSION "3.1b1"
| #define PACKAGE_STRING "HMMER 3.1b1"
| #define PACKAGE_BUGREPORT "eddys@janelia.hhmi.org"
| #define HMMER_DATE "May 2013"
| #define HMMER_COPYRIGHT "Copyright (C) 2013 Howard Hughes Medical Institute."
| #define HMMER_LICENSE "Freely distributed under the GNU General Public License (GPLv3)."
| #define HMMER_VERSION "3.1b1"
| #define HMMER_URL "http://hmmer.org/"
| #define EASEL_DATE "May 2013"
| #define EASEL_COPYRIGHT "Copyright (C) 2013 Howard Hughes Medical Institute."
| #define EASEL_LICENSE "Freely distributed under the Janelia Farm Software License."
| #define EASEL_VERSION "h3.1b1"
| #define eslLIBRARY 1
| #define eslDEBUGLEVEL 0
| #define HMMER_THREADS 1
| #define HAVE_PTHREAD 1
| /* end confdefs.h.  */
| 
| int
| main ()
| {
| 
|   ;
|   return 0;
| }
configure:6757: result: no
configure:6774: checking for gcc architecture flag
configure:6776: result: unknown
configure:6798: checking whether C compiler accepts -O3 -fomit-frame-pointer -fstrict-aliasing
configure:6823: gcc -c -O3 -fomit-frame-pointer -fstrict-aliasing  conftest.c >&5
configure:6830: $? = 0
configure:6846: result: yes
configure:6891: checking for gcc option to produce PIC
configure:6977: result: -fPIC
configure:6986: checking whether C compiler accepts -msse2
configure:7015: gcc -c -msse2  conftest.c >&5
configure:7022: $? = 0
configure:7040: result: yes
configure:7509: checking compiler support for sse2 cast functions
configure:7544: gcc -c -O3 -fomit-frame-pointer -fstrict-aliasing -msse2  conftest.c >&5
configure:7551: $? = 0
configure:7569: result: yes
configure:7581: checking whether SSE2 is supported
configure:7614: gcc -c -O3 -fomit-frame-pointer -fstrict-aliasing -msse2  conftest.c >&5
configure:7621: $? = 0
configure:7626: result: yes
configure:7720: checking whether _MM_SET_FLUSH_ZERO_MODE is supported
configure:7746: gcc -c -O3 -fomit-frame-pointer -fstrict-aliasing -msse2  conftest.c >&5
configure:7753: $? = 0
configure:7758: result: yes
configure:7779: Activating Intel/AMD SSE optimized DP implementation
configure:7826: checking compiler support --start-group
configure:7851: gcc -o conftest -O3 -fomit-frame-pointer -fstrict-aliasing  -Wl,--start-group -Wl,--end-group  conftest.c  >&5
configure:7858: $? = 0
configure:7866: result: yes
configure:7893: checking for gzip
configure:7911: found /usr/bin/gzip
configure:7924: result: /usr/bin/gzip
configure:8040: checking for grep that handles long lines and -e
configure:8100: result: /usr/bin/grep
configure:8105: checking for egrep
configure:8169: result: /usr/bin/grep -E
configure:8174: checking for ANSI C header files
configure:8204: gcc -c -O3 -fomit-frame-pointer -fstrict-aliasing  conftest.c >&5
configure:8211: $? = 0
configure:8310: gcc -o conftest -O3 -fomit-frame-pointer -fstrict-aliasing   conftest.c  >&5
configure:8314: $? = 0
configure:8320: ./conftest
configure:8324: $? = 0
configure:8342: result: yes
configure:8366: checking for sys/types.h
configure:8387: gcc -c -O3 -fomit-frame-pointer -fstrict-aliasing  conftest.c >&5
configure:8394: $? = 0
configure:8411: result: yes
configure:8366: checking for sys/stat.h
configure:8387: gcc -c -O3 -fomit-frame-pointer -fstrict-aliasing  conftest.c >&5
configure:8394: $? = 0
configure:8411: result: yes
configure:8366: checking for stdlib.h
configure:8387: gcc -c -O3 -fomit-frame-pointer -fstrict-aliasing  conftest.c >&5
configure:8394: $? = 0
configure:8411: result: yes
configure:8366: checking for string.h
configure:8387: gcc -c -O3 -fomit-frame-pointer -fstrict-aliasing  conftest.c >&5
configure:8394: $? = 0
configure:8411: result: yes
configure:8366: checking for memory.h
configure:8387: gcc -c -O3 -fomit-frame-pointer -fstrict-aliasing  conftest.c >&5
configure:8394: $? = 0
configure:8411: result: yes
configure:8366: checking for strings.h
configure:8387: gcc -c -O3 -fomit-frame-pointer -fstrict-aliasing  conftest.c >&5
configure:8394: $? = 0
configure:8411: result: yes
configure:8366: checking for inttypes.h
configure:8387: gcc -c -O3 -fomit-frame-pointer -fstrict-aliasing  conftest.c >&5
configure:8394: $? = 0
configure:8411: result: yes
configure:8366: checking for stdint.h
configure:8387: gcc -c -O3 -fomit-frame-pointer -fstrict-aliasing  conftest.c >&5
configure:8394: $? = 0
configure:8411: result: yes
configure:8366: checking for unistd.h
configure:8387: gcc -c -O3 -fomit-frame-pointer -fstrict-aliasing  conftest.c >&5
configure:8394: $? = 0
configure:8411: result: yes
configure:8435: checking for sys/types.h
configure:8442: result: yes
configure:8446: checking sys/sysctl.h usability
configure:8463: gcc -c -O3 -fomit-frame-pointer -fstrict-aliasing  conftest.c >&5
In file included from conftest.c:70:
/usr/include/x86_64-linux-gnu/sys/sysctl.h:21:2: warning: #warning "The <sys/sysctl.h> header is deprecated and will be removed." [-Wcpp]
   21 | #warning "The <sys/sysctl.h> header is deprecated and will be removed."
      |  ^~~~~~~
configure:8470: $? = 0
configure:8484: result: yes
configure:8488: checking sys/sysctl.h presence
configure:8503: gcc -E  conftest.c
In file included from conftest.c:37:
/usr/include/x86_64-linux-gnu/sys/sysctl.h:21:2: warning: #warning "The <sys/sysctl.h> header is deprecated and will be removed." [-Wcpp]
   21 | #warning "The <sys/sysctl.h> header is deprecated and will be removed."
      |  ^~~~~~~
configure:8510: $? = 0
configure:8524: result: yes
configure:8557: checking for sys/sysctl.h
configure:8566: result: yes
configure:8435: checking for unistd.h
configure:8442: result: yes
configure:8435: checking for stdint.h
configure:8442: result: yes
configure:8435: checking for inttypes.h
configure:8442: result: yes
configure:8446: checking endian.h usability
configure:8463: gcc -c -O3 -fomit-frame-pointer -fstrict-aliasing  conftest.c >&5
configure:8470: $? = 0
configure:8484: result: yes
configure:8488: checking endian.h presence
configure:8503: gcc -E  conftest.c
configure:8510: $? = 0
configure:8524: result: yes
configure:8557: checking for endian.h
configure:8566: result: yes
configure:8747: checking whether byte ordering is bigendian
configure:8772: gcc -c -O3 -fomit-frame-pointer -fstrict-aliasing  conftest.c >&5
conftest.c:43:9: error: unknown type name 'not'
   43 |         not a universal capable compiler
      |         ^~~
conftest.c:43:15: error: expected '=', ',', ';', 'asm' or '__attribute__' before 'universal'
   43 |         not a universal capable compiler
      |               ^~~~~~~~~
conftest.c:43:15: error: unknown type name 'universal'
configure:8779: $? = 1
configure: failed program was:
| /* confdefs.h.  */
| #define PACKAGE_NAME "HMMER"
| #define PACKAGE_TARNAME "hmmer"
| #define PACKAGE_VERSION "3.1b1"
| #define PACKAGE_STRING "HMMER 3.1b1"
| #define PACKAGE_BUGREPORT "eddys@janelia.hhmi.org"
| #define HMMER_DATE "May 2013"
| #define HMMER_COPYRIGHT "Copyright (C) 2013 Howard Hughes Medical Institute."
| #define HMMER_LICENSE "Freely distributed under the GNU General Public License (GPLv3)."
| #define HMMER_VERSION "3.1b1"
| #define HMMER_URL "http://hmmer.org/"
| #define EASEL_DATE "May 2013"
| #define EASEL_COPYRIGHT "Copyright (C) 2013 Howard Hughes Medical Institute."
| #define EASEL_LICENSE "Freely distributed under the Janelia Farm Software License."
| #define EASEL_VERSION "h3.1b1"
| #define eslLIBRARY 1
| #define eslDEBUGLEVEL 0
| #define HMMER_THREADS 1
| #define HAVE_PTHREAD 1
| #define HAVE_SSE2_CAST 1
| #define HAVE_FLUSH_ZERO_MODE 1
| #define HAVE_SSE2 1
| #define p7_IMPL_SSE 1
| #define HAVE_GZIP 1
| #define STDC_HEADERS 1
| #define HAVE_SYS_TYPES_H 1
| #define HAVE_SYS_STAT_H 1
| #define HAVE_STDLIB_H 1
| #define HAVE_STRING_H 1
| #define HAVE_MEMORY_H 1
| #define HAVE_STRINGS_H 1
| #define HAVE_INTTYPES_H 1
| #define HAVE_STDINT_H 1
| #define HAVE_UNISTD_H 1
| #define HAVE_SYS_TYPES_H 1
| #define HAVE_SYS_SYSCTL_H 1
| #define HAVE_UNISTD_H 1
| #define HAVE_STDINT_H 1
| #define HAVE_INTTYPES_H 1
| #define HAVE_ENDIAN_H 1
| /* end confdefs.h.  */
| #ifndef __APPLE_CC__
| 	       not a universal capable compiler
| 	     #endif
| 	     typedef int dummy;
| 
configure:8829: gcc -c -O3 -fomit-frame-pointer -fstrict-aliasing  conftest.c >&5
configure:8836: $? = 0
configure:8868: gcc -c -O3 -fomit-frame-pointer -fstrict-aliasing  conftest.c >&5
conftest.c: In function 'main':
conftest.c:49:4: error: unknown type name 'not'; did you mean 'ino_t'?
   49 |    not big endian
      |    ^~~
      |    ino_t
conftest.c:49:12: error: expected '=', ',', ';', 'asm' or '__attribute__' before 'endian'
   49 |    not big endian
      |            ^~~~~~
configure:8875: $? = 1
configure: failed program was:
| /* confdefs.h.  */
| #define PACKAGE_NAME "HMMER"
| #define PACKAGE_TARNAME "hmmer"
| #define PACKAGE_VERSION "3.1b1"
| #define PACKAGE_STRING "HMMER 3.1b1"
| #define PACKAGE_BUGREPORT "eddys@janelia.hhmi.org"
| #define HMMER_DATE "May 2013"
| #define HMMER_COPYRIGHT "Copyright (C) 2013 Howard Hughes Medical Institute."
| #define HMMER_LICENSE "Freely distributed under the GNU General Public License (GPLv3)."
| #define HMMER_VERSION "3.1b1"
| #define HMMER_URL "http://hmmer.org/"
| #define EASEL_DATE "May 2013"
| #define EASEL_COPYRIGHT "Copyright (C) 2013 Howard Hughes Medical Institute."
| #define EASEL_LICENSE "Freely distributed under the Janelia Farm Software License."
| #define EASEL_VERSION "h3.1b1"
| #define eslLIBRARY 1
| #define eslDEBUGLEVEL 0
| #define HMMER_THREADS 1
| #define HAVE_PTHREAD 1
| #define HAVE_SSE2_CAST 1
| #define HAVE_FLUSH_ZERO_MODE 1
| #define HAVE_SSE2 1
| #define p7_IMPL_SSE 1
| #define HAVE_GZIP 1
| #define STDC_HEADERS 1
| #define HAVE_SYS_TYPES_H 1
| #define HAVE_SYS_STAT_H 1
| #define HAVE_STDLIB_H 1
| #define HAVE_STRING_H 1
| #define HAVE_MEMORY_H 1
| #define HAVE_STRINGS_H 1
| #define HAVE_INTTYPES_H 1
| #define HAVE_STDINT_H 1
| #define HAVE_UNISTD_H 1
| #define HAVE_SYS_TYPES_H 1
| #define HAVE_SYS_SYSCTL_H 1
| #define HAVE_UNISTD_H 1
| #define HAVE_STDINT_H 1
| #define HAVE_INTTYPES_H 1
| #define HAVE_ENDIAN_H 1
| /* end confdefs.h.  */
| #include <sys/types.h>
| 		#include <sys/param.h>
| 
| int
| main ()
| {
| #if BYTE_ORDER != BIG_ENDIAN
| 		 not big endian
| 		#endif
| 
|   ;
|   return 0;
| }
configure:9127: result: no
configure:9153: checking for uint8_t
configure:9184: gcc -c -O3 -fomit-frame-pointer -fstrict-aliasing  conftest.c >&5
configure:9191: $? = 0
configure:9212: result: yes
configure:9230: checking for uint16_t
configure:9261: gcc -c -O3 -fomit-frame-pointer -fstrict-aliasing  conftest.c >&5
configure:9268: $? = 0
configure:9289: result: yes
configure:9303: checking for uint32_t
configure:9334: gcc -c -O3 -fomit-frame-pointer -fstrict-aliasing  conftest.c >&5
configure:9341: $? = 0
configure:9362: result: yes
configure:9380: checking for uint64_t
configure:9411: gcc -c -O3 -fomit-frame-pointer -fstrict-aliasing  conftest.c >&5
configure:9418: $? = 0
configure:9439: result: yes
configure:9456: checking for off_t
configure:9484: gcc -c -O3 -fomit-frame-pointer -fstrict-aliasing  conftest.c >&5
configure:9491: $? = 0
configure:9518: gcc -c -O3 -fomit-frame-pointer -fstrict-aliasing  conftest.c >&5
conftest.c: In function 'main':
conftest.c:78:20: error: expected expression before ')' token
   78 | if (sizeof ((off_t)))
      |                    ^
configure:9525: $? = 1
configure: failed program was:
| /* confdefs.h.  */
| #define PACKAGE_NAME "HMMER"
| #define PACKAGE_TARNAME "hmmer"
| #define PACKAGE_VERSION "3.1b1"
| #define PACKAGE_STRING "HMMER 3.1b1"
| #define PACKAGE_BUGREPORT "eddys@janelia.hhmi.org"
| #define HMMER_DATE "May 2013"
| #define HMMER_COPYRIGHT "Copyright (C) 2013 Howard Hughes Medical Institute."
| #define HMMER_LICENSE "Freely distributed under the GNU General Public License (GPLv3)."
| #define HMMER_VERSION "3.1b1"
| #define HMMER_URL "http://hmmer.org/"
| #define EASEL_DATE "May 2013"
| #define EASEL_COPYRIGHT "Copyright (C) 2013 Howard Hughes Medical Institute."
| #define EASEL_LICENSE "Freely distributed under the Janelia Farm Software License."
| #define EASEL_VERSION "h3.1b1"
| #define eslLIBRARY 1
| #define eslDEBUGLEVEL 0
| #define HMMER_THREADS 1
| #define HAVE_PTHREAD 1
| #define HAVE_SSE2_CAST 1
| #define HAVE_FLUSH_ZERO_MODE 1
| #define HAVE_SSE2 1
| #define p7_IMPL_SSE 1
| #define HAVE_GZIP 1
| #define STDC_HEADERS 1
| #define HAVE_SYS_TYPES_H 1
| #define HAVE_SYS_STAT_H 1
| #define HAVE_STDLIB_H 1
| #define HAVE_STRING_H 1
| #define HAVE_MEMORY_H 1
| #define HAVE_STRINGS_H 1
| #define HAVE_INTTYPES_H 1
| #define HAVE_STDINT_H 1
| #define HAVE_UNISTD_H 1
| #define HAVE_SYS_TYPES_H 1
| #define HAVE_SYS_SYSCTL_H 1
| #define HAVE_UNISTD_H 1
| #define HAVE_STDINT_H 1
| #define HAVE_INTTYPES_H 1
| #define HAVE_ENDIAN_H 1
| /* end confdefs.h.  */
| #include <stdio.h>
| #ifdef HAVE_SYS_TYPES_H
| # include <sys/types.h>
| #endif
| #ifdef HAVE_SYS_STAT_H
| # include <sys/stat.h>
| #endif
| #ifdef STDC_HEADERS
| # include <stdlib.h>
| # include <stddef.h>
| #else
| # ifdef HAVE_STDLIB_H
| #  include <stdlib.h>
| # endif
| #endif
| #ifdef HAVE_STRING_H
| # if !defined STDC_HEADERS && defined HAVE_MEMORY_H
| #  include <memory.h>
| # endif
| # include <string.h>
| #endif
| #ifdef HAVE_STRINGS_H
| # include <strings.h>
| #endif
| #ifdef HAVE_INTTYPES_H
| # include <inttypes.h>
| #endif
| #ifdef HAVE_STDINT_H
| # include <stdint.h>
| #endif
| #ifdef HAVE_UNISTD_H
| # include <unistd.h>
| #endif
| int
| main ()
| {
| if (sizeof ((off_t)))
| 	  return 0;
|   ;
|   return 0;
| }
configure:9548: result: yes
configure:9567: checking for mkstemp
configure:9623: gcc -o conftest -O3 -fomit-frame-pointer -fstrict-aliasing   conftest.c  >&5
configure:9630: $? = 0
configure:9652: result: yes
configure:9668: checking for popen
configure:9724: gcc -o conftest -O3 -fomit-frame-pointer -fstrict-aliasing   conftest.c  >&5
configure:9731: $? = 0
configure:9753: result: yes
configure:9769: checking for strcasecmp
configure:9825: gcc -o conftest -O3 -fomit-frame-pointer -fstrict-aliasing   conftest.c  >&5
conftest.c:67:6: warning: conflicting types for built-in function 'strcasecmp'; expected 'int(const char *, const char *)' [-Wbuiltin-declaration-mismatch]
   67 | char strcasecmp ();
      |      ^~~~~~~~~~
configure:9832: $? = 0
configure:9854: result: yes
configure:9870: checking for times
configure:9926: gcc -o conftest -O3 -fomit-frame-pointer -fstrict-aliasing   conftest.c  >&5
configure:9933: $? = 0
configure:9955: result: yes
configure:9971: checking for getpid
configure:10027: gcc -o conftest -O3 -fomit-frame-pointer -fstrict-aliasing   conftest.c  >&5
configure:10034: $? = 0
configure:10056: result: yes
configure:10072: checking for sysctl
configure:10128: gcc -o conftest -O3 -fomit-frame-pointer -fstrict-aliasing   conftest.c  >&5
configure:10135: $? = 0
configure:10157: result: yes
configure:10173: checking for sysconf
configure:10229: gcc -o conftest -O3 -fomit-frame-pointer -fstrict-aliasing   conftest.c  >&5
configure:10236: $? = 0
configure:10258: result: yes
configure:10274: checking for getcwd
configure:10330: gcc -o conftest -O3 -fomit-frame-pointer -fstrict-aliasing   conftest.c  >&5
configure:10337: $? = 0
configure:10359: result: yes
configure:10375: checking for stat
configure:10431: gcc -o conftest -O3 -fomit-frame-pointer -fstrict-aliasing   conftest.c  >&5
configure:10438: $? = 0
configure:10460: result: yes
configure:10476: checking for fstat
configure:10532: gcc -o conftest -O3 -fomit-frame-pointer -fstrict-aliasing   conftest.c  >&5
configure:10539: $? = 0
configure:10561: result: yes
configure:10578: checking for ntohs
configure:10634: gcc -o conftest -O3 -fomit-frame-pointer -fstrict-aliasing   conftest.c  >&5
configure:10641: $? = 0
configure:10663: result: yes
configure:10755: checking for ntohl
configure:10811: gcc -o conftest -O3 -fomit-frame-pointer -fstrict-aliasing   conftest.c  >&5
configure:10818: $? = 0
configure:10840: result: yes
configure:10932: checking for htons
configure:10988: gcc -o conftest -O3 -fomit-frame-pointer -fstrict-aliasing   conftest.c  >&5
configure:10995: $? = 0
configure:11017: result: yes
configure:11109: checking for htonl
configure:11165: gcc -o conftest -O3 -fomit-frame-pointer -fstrict-aliasing   conftest.c  >&5
configure:11172: $? = 0
configure:11194: result: yes
configure:11282: checking for _LARGEFILE_SOURCE value needed for large files
configure:11311: gcc -o conftest -O3 -fomit-frame-pointer -fstrict-aliasing   conftest.c  >&5
configure:11318: $? = 0
configure:11391: result: no
configure:11425: checking for special C compiler options needed for large files
configure:11520: result: no
configure:11526: checking for _FILE_OFFSET_BITS value needed for large files
configure:11561: gcc -c -O3 -fomit-frame-pointer -fstrict-aliasing  conftest.c >&5
configure:11568: $? = 0
configure:11637: result: no
configure:11931: creating ./config.status

## ---------------------- ##
## Running config.status. ##
## ---------------------- ##

This file was extended by HMMER config.status 3.1b1, which was
generated by GNU Autoconf 2.63.  Invocation command line was

  CONFIG_FILES    = 
  CONFIG_HEADERS  = 
  CONFIG_LINKS    = 
  CONFIG_COMMANDS = 
  $ ./config.status 

on emadi-bbb

config.status:820: creating documentation/Makefile
config.status:820: creating documentation/man/Makefile
config.status:820: creating src/Makefile
config.status:820: creating testsuite/Makefile
config.status:820: creating profmark/Makefile
config.status:820: creating src/impl_sse/Makefile
config.status:820: creating easel/miniapps/Makefile
config.status:820: creating easel/testsuite/Makefile
config.status:820: creating easel/Makefile
config.status:820: creating libdivsufsort/Makefile
config.status:820: creating Makefile
config.status:820: creating src/p7_config.h
config.status:820: creating easel/esl_config.h
config.status:820: creating libdivsufsort/divsufsort.h
config.status:1066: linking src/impl_sse to src/impl

## ---------------- ##
## Cache variables. ##
## ---------------- ##

ac_cv_build=x86_64-unknown-linux-gnu
ac_cv_c_bigendian=no
ac_cv_c_compiler_gnu=yes
ac_cv_c_uint16_t=yes
ac_cv_c_uint32_t=yes
ac_cv_c_uint64_t=yes
ac_cv_c_uint8_t=yes
ac_cv_env_CC_set=
ac_cv_env_CC_value=
ac_cv_env_CFLAGS_set=
ac_cv_env_CFLAGS_value=
ac_cv_env_CPPFLAGS_set=
ac_cv_env_CPPFLAGS_value=
ac_cv_env_CPP_set=
ac_cv_env_CPP_value=
ac_cv_env_LDFLAGS_set=
ac_cv_env_LDFLAGS_value=
ac_cv_env_LIBS_set=
ac_cv_env_LIBS_value=
ac_cv_env_MPICC_set=
ac_cv_env_MPICC_value=
ac_cv_env_PIC_FLAGS_set=
ac_cv_env_PIC_FLAGS_value=
ac_cv_env_build_alias_set=
ac_cv_env_build_alias_value=
ac_cv_env_host_alias_set=
ac_cv_env_host_alias_value=
ac_cv_env_target_alias_set=
ac_cv_env_target_alias_value=
ac_cv_func_fstat=yes
ac_cv_func_getcwd=yes
ac_cv_func_getpid=yes
ac_cv_func_htonl=yes
ac_cv_func_htons=yes
ac_cv_func_mkstemp=yes
ac_cv_func_ntohl=yes
ac_cv_func_ntohs=yes
ac_cv_func_popen=yes
ac_cv_func_stat=yes
ac_cv_func_strcasecmp=yes
ac_cv_func_sysconf=yes
ac_cv_func_sysctl=yes
ac_cv_func_times=yes
ac_cv_header_endian_h=yes
ac_cv_header_inttypes_h=yes
ac_cv_header_memory_h=yes
ac_cv_header_stdc=yes
ac_cv_header_stdint_h=yes
ac_cv_header_stdlib_h=yes
ac_cv_header_string_h=yes
ac_cv_header_strings_h=yes
ac_cv_header_sys_stat_h=yes
ac_cv_header_sys_sysctl_h=yes
ac_cv_header_sys_types_h=yes
ac_cv_header_unistd_h=yes
ac_cv_host=x86_64-unknown-linux-gnu
ac_cv_objext=o
ac_cv_path_AR=/usr/bin/ar
ac_cv_path_EGREP='/usr/bin/grep -E'
ac_cv_path_GREP=/usr/bin/grep
ac_cv_path_HAVE_GZIP=/usr/bin/gzip
ac_cv_path_install='/usr/bin/install -c'
ac_cv_prog_CPP='gcc -E'
ac_cv_prog_PTHREAD_CC=gcc
ac_cv_prog_ac_ct_CC=gcc
ac_cv_prog_ac_ct_RANLIB=ranlib
ac_cv_prog_cc_c89=
ac_cv_prog_cc_c99=
ac_cv_prog_cc_g=yes
ac_cv_prog_cc_stdc=
ac_cv_sys_file_offset_bits=no
ac_cv_sys_largefile_CC=no
ac_cv_sys_largefile_source=no
ac_cv_type_off_t=yes
ax_cv_c_compiler_vendor=gnu
ax_cv_c_flags__O3__fomit_frame_pointer__fstrict_aliasing=yes
ax_cv_c_flags__fstrict_aliasing=yes
ax_cv_c_flags__march_pentium3=no
ax_cv_c_flags__march_pentium_m=no
ax_cv_c_flags__march_pentiumpro=no
ax_cv_c_flags__mcpu_pentium3=no
ax_cv_c_flags__mcpu_pentium_m=no
ax_cv_c_flags__mcpu_pentiumpro=no
ax_cv_c_flags__mpentium3=no
ax_cv_c_flags__mpentium_m=no
ax_cv_c_flags__mpentiumpro=no
ax_cv_c_flags__msse2=yes
ax_cv_gcc_archflag=unknown
ax_cv_gcc_x86_cpuid_0=d:756e6547:6c65746e:49656e69
ax_cv_gcc_x86_cpuid_1=206d7:2100800:9fba2223:1fabfbff

## ----------------- ##
## Output variables. ##
## ----------------- ##

AR='/usr/bin/ar'
CC='gcc'
CFLAGS='-O3 -fomit-frame-pointer -fstrict-aliasing'
CPP='gcc -E'
CPPFLAGS=''
DEFS='-DHAVE_CONFIG_H'
EASEL_COPYRIGHT='Copyright (C) 2013 Howard Hughes Medical Institute.'
EASEL_DATE='May 2013'
EASEL_LICENSE='Freely distributed under the Janelia Farm Software License.'
EASEL_URL='http://bioeasel.org/'
EASEL_VERSION='h3.1b1'
ECHO_C=''
ECHO_N='-n'
ECHO_T=''
EGREP='/usr/bin/grep -E'
EXEC_DEPENDENCY='%: %.o'
EXEEXT=''
GREP='/usr/bin/grep'
GROUPHMMERLIBS='-Wl,--start-group -lhmmer -lhmmerimpl -Wl,--end-group'
HAVE_GZIP='/usr/bin/gzip'
HMMERIMPLLIB='impl_sse/libhmmerimpl.a'
HMMER_COPYRIGHT='Copyright (C) 2013 Howard Hughes Medical Institute.'
HMMER_DATE='May 2013'
HMMER_ESLDIR='easel'
HMMER_LICENSE='Freely distributed under the GNU General Public License (GPLv3).'
HMMER_SADIR='libdivsufsort'
HMMER_URL='http://hmmer.org/'
HMMER_VERSION='3.1b1'
IMPL_CHOICE='sse'
INSTALL_DATA='${INSTALL} -m 644'
INSTALL_PROGRAM='${INSTALL}'
INSTALL_SCRIPT='${INSTALL}'
LDFLAGS=''
LIBGSL=''
LIBOBJS=''
LIBS=''
LTLIBOBJS=''
MPICC=''
MPILIBS=''
MPI_BENCHMARKS=''
MPI_UTESTS=''
OBJEXT='o'
PACKAGE_BUGREPORT='eddys@janelia.hhmi.org'
PACKAGE_NAME='HMMER'
PACKAGE_STRING='HMMER 3.1b1'
PACKAGE_TARNAME='hmmer'
PACKAGE_VERSION='3.1b1'
PATH_SEPARATOR=':'
PIC_FLAGS='-fPIC'
PRTDIAG=''
PTHREAD_CC='gcc'
PTHREAD_CFLAGS='-pthread'
PTHREAD_LIBS=''
RANLIB='ranlib'
SHELL='/bin/bash'
SIMD_CFLAGS='-msse2'
ac_ct_CC='gcc'
acx_pthread_config=''
bindir='${exec_prefix}/bin'
build='x86_64-unknown-linux-gnu'
build_alias=''
build_cpu='x86_64'
build_os='linux-gnu'
build_vendor='unknown'
datadir='${datarootdir}'
datarootdir='${prefix}/share'
docdir='${datarootdir}/doc/${PACKAGE_TARNAME}'
dvidir='${docdir}'
exec_prefix='${prefix}'
host='x86_64-unknown-linux-gnu'
host_alias=''
host_cpu='x86_64'
host_os='linux-gnu'
host_vendor='unknown'
htmldir='${docdir}'
includedir='${prefix}/include'
infodir='${datarootdir}/info'
libdir='${exec_prefix}/lib'
libexecdir='${exec_prefix}/libexec'
localedir='${datarootdir}/locale'
localstatedir='${prefix}/var'
mandir='${datarootdir}/man'
oldincludedir='/usr/include'
pdfdir='${docdir}'
prefix='/usr/local'
program_transform_name='s,x,x,'
psdir='${docdir}'
sbindir='${exec_prefix}/sbin'
sharedstatedir='${prefix}/com'
sysconfdir='${prefix}/etc'
target_alias=''

## ----------- ##
## confdefs.h. ##
## ----------- ##

#define PACKAGE_NAME "HMMER"
#define PACKAGE_TARNAME "hmmer"
#define PACKAGE_VERSION "3.1b1"
#define PACKAGE_STRING "HMMER 3.1b1"
#define PACKAGE_BUGREPORT "eddys@janelia.hhmi.org"
#define HMMER_DATE "May 2013"
#define HMMER_COPYRIGHT "Copyright (C) 2013 Howard Hughes Medical Institute."
#define HMMER_LICENSE "Freely distributed under the GNU General Public License (GPLv3)."
#define HMMER_VERSION "3.1b1"
#define HMMER_URL "http://hmmer.org/"
#define EASEL_DATE "May 2013"
#define EASEL_COPYRIGHT "Copyright (C) 2013 Howard Hughes Medical Institute."
#define EASEL_LICENSE "Freely distributed under the Janelia Farm Software License."
#define EASEL_VERSION "h3.1b1"
#define eslLIBRARY 1
#define eslDEBUGLEVEL 0
#define HMMER_THREADS 1
#define HAVE_PTHREAD 1
#define HAVE_SSE2_CAST 1
#define HAVE_FLUSH_ZERO_MODE 1
#define HAVE_SSE2 1
#define p7_IMPL_SSE 1
#define HAVE_GZIP 1
#define STDC_HEADERS 1
#define HAVE_SYS_TYPES_H 1
#define HAVE_SYS_STAT_H 1
#define HAVE_STDLIB_H 1
#define HAVE_STRING_H 1
#define HAVE_MEMORY_H 1
#define HAVE_STRINGS_H 1
#define HAVE_INTTYPES_H 1
#define HAVE_STDINT_H 1
#define HAVE_UNISTD_H 1
#define HAVE_SYS_TYPES_H 1
#define HAVE_SYS_SYSCTL_H 1
#define HAVE_UNISTD_H 1
#define HAVE_STDINT_H 1
#define HAVE_INTTYPES_H 1
#define HAVE_ENDIAN_H 1
#define HAVE_MKSTEMP 1
#define HAVE_POPEN 1
#define HAVE_STRCASECMP 1
#define HAVE_TIMES 1
#define HAVE_GETPID 1
#define HAVE_SYSCTL 1
#define HAVE_SYSCONF 1
#define HAVE_GETCWD 1
#define HAVE_STAT 1
#define HAVE_FSTAT 1
#define HAVE_NTOHS 1
#define HAVE_NTOHL 1
#define HAVE_HTONS 1
#define HAVE_HTONL 1
#define HAVE_FSEEKO 1

configure: exit 0
